<?xml version="1.0" encoding="UTF-8"?>
<testng-results ignored="0" total="1" passed="1" failed="0" skipped="0">
  <reporter-output>
  </reporter-output>
  <suite started-at="2023-07-31T15:48:08 IST" name="Suite" finished-at="2023-07-31T15:48:18 IST" duration-ms="9994">
    <groups>
    </groups>
    <test started-at="2023-07-31T15:48:08 IST" name="YouTube" finished-at="2023-07-31T15:48:18 IST" duration-ms="9994">
      <class name="tests.HomePageTest">
        <test-method is-config="true" signature="setup()[pri:0, instance:tests.HomePageTest@4dc27487]" started-at="2023-07-31T15:48:08 IST" name="setup" finished-at="2023-07-31T15:48:14 IST" duration-ms="6249" status="PASS">
          <reporter-output>
          </reporter-output>
        </test-method> <!-- setup -->
        <test-method signature="changeDeviceTheme()[pri:0, instance:tests.HomePageTest@4dc27487]" started-at="2023-07-31T15:48:14 IST" name="changeDeviceTheme" finished-at="2023-07-31T15:48:18 IST" duration-ms="3694" status="PASS">
          <reporter-output>
          </reporter-output>
        </test-method> <!-- changeDeviceTheme -->
      </class> <!-- tests.HomePageTest -->
    </test> <!-- YouTube -->
  </suite> <!-- Suite -->
</testng-results>
